# JRE version: Java(TM) SE Runtime Environment (8.0_101-b13) (build 1.8.0_101-b13)
# Java VM: Java HotSpot(TM) 64-Bit Server VM (25.101-b13 mixed mode linux-amd64 compressed oops)
Heap:
 PSYoungGen      total 275456K, used 48318K [0x00000000eab00000, 0x00000000fc380000, 0x0000000100000000)
  eden space 266752K, 15% used [0x00000000eab00000,0x00000000ed42bae0,0x00000000faf80000)
  from space 8704K, 70% used [0x00000000fbb00000,0x00000000fc103ec0,0x00000000fc380000)
  to   space 10240K, 0% used [0x00000000faf80000,0x00000000faf80000,0x00000000fb980000)
 ParOldGen       total 69120K, used 40523K [0x00000000c0000000, 0x00000000c4380000, 0x00000000eab00000)
  object space 69120K, 58% used [0x00000000c0000000,0x00000000c2792d08,0x00000000c4380000)
 Metaspace       used 72179K, capacity 81719K, committed 81752K, reserved 1118208K
  class space    used 9231K, capacity 12151K, committed 12160K, reserved 1048576K
GC Heap History (10 events):
Event: 29,216 GC heap before
{Heap before GC invocations=26 (full 3):
 PSYoungGen      total 192000K, used 191844K [0x00000000eab00000, 0x00000000f7300000, 0x0000000100000000)
  eden space 187904K, 100% used [0x00000000eab00000,0x00000000f6280000,0x00000000f6280000)
  from space 4096K, 96% used [0x00000000f6f00000,0x00000000f72d9288,0x00000000f7300000)
  to   space 6656K, 0% used [0x00000000f6600000,0x00000000f6600000,0x00000000f6c80000)
 ParOldGen       total 49152K, used 28097K [0x00000000c0000000, 0x00000000c3000000, 0x00000000eab00000)
  object space 49152K, 57% used [0x00000000c0000000,0x00000000c1b70730,0x00000000c3000000)
 Metaspace       used 56328K, capacity 63514K, committed 63576K, reserved 1103872K
  class space    used 7276K, capacity 9329K, committed 9344K, reserved 1048576K
Event: 29,252 GC heap after
Heap after GC invocations=26 (full 3):
 PSYoungGen      total 198144K, used 4186K [0x00000000eab00000, 0x00000000f9e00000, 0x0000000100000000)
  eden space 191488K, 0% used [0x00000000eab00000,0x00000000eab00000,0x00000000f6600000)
  from space 6656K, 62% used [0x00000000f6600000,0x00000000f6a16980,0x00000000f6c80000)
  to   space 6656K, 0% used [0x00000000f9780000,0x00000000f9780000,0x00000000f9e00000)
 ParOldGen       total 49152K, used 31566K [0x00000000c0000000, 0x00000000c3000000, 0x00000000eab00000)
  object space 49152K, 64% used [0x00000000c0000000,0x00000000c1ed3b98,0x00000000c3000000)
 Metaspace       used 56328K, capacity 63514K, committed 63576K, reserved 1103872K
  class space    used 7276K, capacity 9329K, committed 9344K, reserved 1048576K
}
Event: 30,799 GC heap before
{Heap before GC invocations=27 (full 3):
 PSYoungGen      total 198144K, used 195674K [0x00000000eab00000, 0x00000000f9e00000, 0x0000000100000000)
  eden space 191488K, 100% used [0x00000000eab00000,0x00000000f6600000,0x00000000f6600000)
  from space 6656K, 62% used [0x00000000f6600000,0x00000000f6a16980,0x00000000f6c80000)
  to   space 6656K, 0% used [0x00000000f9780000,0x00000000f9780000,0x00000000f9e00000)
 ParOldGen       total 49152K, used 31566K [0x00000000c0000000, 0x00000000c3000000, 0x00000000eab00000)
  object space 49152K, 64% used [0x00000000c0000000,0x00000000c1ed3b98,0x00000000c3000000)
 Metaspace       used 58640K, capacity 66474K, committed 66648K, reserved 1105920K
  class space    used 7644K, capacity 9992K, committed 10112K, reserved 1048576K
Event: 30,816 GC heap after
Heap after GC invocations=27 (full 3):
 PSYoungGen      total 238080K, used 6624K [0x00000000eab00000, 0x00000000fa780000, 0x0000000100000000)
  eden space 231424K, 0% used [0x00000000eab00000,0x00000000eab00000,0x00000000f8d00000)
  from space 6656K, 99% used [0x00000000f9780000,0x00000000f9df8130,0x00000000f9e00000)
  to   space 10752K, 0% used [0x00000000f8d00000,0x00000000f8d00000,0x00000000f9780000)
 ParOldGen       total 49152K, used 38610K [0x00000000c0000000, 0x00000000c3000000, 0x00000000eab00000)
  object space 49152K, 78% used [0x00000000c0000000,0x00000000c25b4b18,0x00000000c3000000)
 Metaspace       used 58640K, capacity 66474K, committed 66648K, reserved 1105920K
  class space    used 7644K, capacity 9992K, committed 10112K, reserved 1048576K
}
Event: 57,542 GC heap before
{Heap before GC invocations=28 (full 3):
 PSYoungGen      total 238080K, used 238048K [0x00000000eab00000, 0x00000000fa780000, 0x0000000100000000)
  eden space 231424K, 100% used [0x00000000eab00000,0x00000000f8d00000,0x00000000f8d00000)
  from space 6656K, 99% used [0x00000000f9780000,0x00000000f9df8130,0x00000000f9e00000)
  to   space 10752K, 0% used [0x00000000f8d00000,0x00000000f8d00000,0x00000000f9780000)
 ParOldGen       total 49152K, used 38610K [0x00000000c0000000, 0x00000000c3000000, 0x00000000eab00000)
  object space 49152K, 78% used [0x00000000c0000000,0x00000000c25b4b18,0x00000000c3000000)
 Metaspace       used 62783K, capacity 70784K, committed 71000K, reserved 1110016K
  class space    used 8132K, capacity 10534K, committed 10624K, reserved 1048576K
Event: 57,583 GC heap after
Heap after GC invocations=28 (full 3):
 PSYoungGen      total 242176K, used 4409K [0x00000000eab00000, 0x00000000fc500000, 0x0000000100000000)
  eden space 231424K, 0% used [0x00000000eab00000,0x00000000eab00000,0x00000000f8d00000)
  from space 10752K, 41% used [0x00000000f8d00000,0x00000000f914e690,0x00000000f9780000)
  to   space 10240K, 0% used [0x00000000fbb00000,0x00000000fbb00000,0x00000000fc500000)
 ParOldGen       total 49152K, used 45265K [0x00000000c0000000, 0x00000000c3000000, 0x00000000eab00000)
  object space 49152K, 92% used [0x00000000c0000000,0x00000000c2c345b0,0x00000000c3000000)
 Metaspace       used 62783K, capacity 70784K, committed 71000K, reserved 1110016K
  class space    used 8132K, capacity 10534K, committed 10624K, reserved 1048576K
}
Event: 57,583 GC heap before
{Heap before GC invocations=29 (full 4):
 PSYoungGen      total 242176K, used 4409K [0x00000000eab00000, 0x00000000fc500000, 0x0000000100000000)
  eden space 231424K, 0% used [0x00000000eab00000,0x00000000eab00000,0x00000000f8d00000)
  from space 10752K, 41% used [0x00000000f8d00000,0x00000000f914e690,0x00000000f9780000)
  to   space 10240K, 0% used [0x00000000fbb00000,0x00000000fbb00000,0x00000000fc500000)
 ParOldGen       total 49152K, used 45265K [0x00000000c0000000, 0x00000000c3000000, 0x00000000eab00000)
  object space 49152K, 92% used [0x00000000c0000000,0x00000000c2c345b0,0x00000000c3000000)
 Metaspace       used 62783K, capacity 70784K, committed 71000K, reserved 1110016K
  class space    used 8132K, capacity 10534K, committed 10624K, reserved 1048576K
Event: 57,765 GC heap after
Heap after GC invocations=29 (full 4):
 PSYoungGen      total 242176K, used 0K [0x00000000eab00000, 0x00000000fc500000, 0x0000000100000000)
  eden space 231424K, 0% used [0x00000000eab00000,0x00000000eab00000,0x00000000f8d00000)
  from space 10752K, 0% used [0x00000000f8d00000,0x00000000f8d00000,0x00000000f9780000)
  to   space 10240K, 0% used [0x00000000fbb00000,0x00000000fbb00000,0x00000000fc500000)
 ParOldGen       total 69120K, used 40515K [0x00000000c0000000, 0x00000000c4380000, 0x00000000eab00000)
  object space 69120K, 58% used [0x00000000c0000000,0x00000000c2790d08,0x00000000c4380000)
 Metaspace       used 62783K, capacity 70784K, committed 71000K, reserved 1110016K
  class space    used 8132K, capacity 10534K, committed 10624K, reserved 1048576K
}
Event: 69,996 GC heap before
{Heap before GC invocations=30 (full 4):
 PSYoungGen      total 242176K, used 231424K [0x00000000eab00000, 0x00000000fc500000, 0x0000000100000000)
  eden space 231424K, 100% used [0x00000000eab00000,0x00000000f8d00000,0x00000000f8d00000)
  from space 10752K, 0% used [0x00000000f8d00000,0x00000000f8d00000,0x00000000f9780000)
  to   space 10240K, 0% used [0x00000000fbb00000,0x00000000fbb00000,0x00000000fc500000)
 ParOldGen       total 69120K, used 40515K [0x00000000c0000000, 0x00000000c4380000, 0x00000000eab00000)
  object space 69120K, 58% used [0x00000000c0000000,0x00000000c2790d08,0x00000000c4380000)
 Metaspace       used 70153K, capacity 79532K, committed 79704K, reserved 1118208K
  class space    used 9082K, capacity 11879K, committed 11904K, reserved 1048576K
Event: 70,022 GC heap after
Heap after GC invocations=30 (full 4):
 PSYoungGen      total 275456K, used 6159K [0x00000000eab00000, 0x00000000fc380000, 0x0000000100000000)
  eden space 266752K, 0% used [0x00000000eab00000,0x00000000eab00000,0x00000000faf80000)
  from space 8704K, 70% used [0x00000000fbb00000,0x00000000fc103ec0,0x00000000fc380000)
  to   space 10240K, 0% used [0x00000000faf80000,0x00000000faf80000,0x00000000fb980000)
 ParOldGen       total 69120K, used 40523K [0x00000000c0000000, 0x00000000c4380000, 0x00000000eab00000)
  object space 69120K, 58% used [0x00000000c0000000,0x00000000c2792d08,0x00000000c4380000)
 Metaspace       used 70153K, capacity 79532K, committed 79704K, reserved 1118208K
  class space    used 9082K, capacity 11879K, committed 11904K, reserved 1048576K
}

